#
# A fatal error has been detected by the Java Runtime Environment:
#
#  EXCEPTION_ACCESS_VIOLATION (0xc0000005) at pc=0x0000026a80031050, pid=11192, tid=13800
#
# JRE version: OpenJDK Runtime Environment (21.0.2+13) (build 21.0.2+13-58)
# Java VM: OpenJDK 64-Bit Server VM (21.0.2+13-58, mixed mode, emulated-client, sharing, tiered, compressed oops, compressed class ptrs, g1 gc, windows-amd64)
# Problematic frame:
# v  ~BufferBlob::MethodHandles adapters 0x0000026a80031050
#
# No core dump will be written. Minidumps are not enabled by default on client versions of Windows
#
# If you would like to submit a bug report, please visit:
#   https://bugreport.java.com/bugreport/crash.jsp
#

---------------  S U M M A R Y ------------

Command Line: -XX:+ShowCodeDetailsInExceptionMessages -agentlib:jdwp=transport=dt_socket,suspend=y,address=localhost:50977 -Dcom.sun.management.jmxremote -Dcom.sun.management.jmxremote.port=50976 -Dcom.sun.management.jmxremote.authenticate=false -Dcom.sun.management.jmxremote.ssl=false -Djava.rmi.server.hostname=localhost -Dspring.jmx.enabled=true -Dmanagement.endpoints.jmx.exposure.include=* -Dspring.application.admin.enabled=true -Dspring.output.ansi.enabled=always -XX:TieredStopAtLevel=1 -Dspring.boot.project.name=LMS -javaagent:C:\Apps\sts-4.28.1.RELEASE\configuration\org.eclipse.osgi\275\0\.cp\lib\javaagent-shaded.jar -Dfile.encoding=UTF-8 -Dstdout.encoding=UTF-8 -Dstderr.encoding=UTF-8 org.saima.LMS.LmsApplication

Host: Intel(R) Core(TM) i5-10310U CPU @ 1.70GHz, 8 cores, 15G,  Windows 10 , 64 bit Build 19041 (10.0.19041.5678)
Time: Mon May  5 11:02:07 2025 Bangladesh Standard Time elapsed time: 14.906558 seconds (0d 0h 0m 14s)

---------------  T H R E A D  ---------------

Current thread (0x0000026af5d7dec0):  JavaThread "main"             [_thread_in_Java, id=13800, stack(0x000000fa45100000,0x000000fa45200000) (1024K)]

Stack: [0x000000fa45100000,0x000000fa45200000],  sp=0x000000fa451fe0a8,  free space=1016k
Native frames: (J=compiled Java code, j=interpreted, Vv=VM code, C=native code)
C  0x0000026a80031050

The last pc belongs to _linkToSpecial (printed below).

siginfo: EXCEPTION_ACCESS_VIOLATION (0xc0000005), reading address 0xffffffffffffffff


Registers:
RAX=0x0000026a80009086, RBX=0xe140e68500000000, RCX=0x000000fa451fe0b0, RDX=0x0000000000000002
RSP=0x000000fa451fe0a8, RBP=0x000000fa451fe0f8, RSI=0x0000026ace9e87d8, RDI=0x0000026ad1921c40
R8 =0x0000000000000002, R9 =0x0000000000000002, R10=0x00007ffd465dc610, R11=0x0000026a890b6430
R12=0x0000000000000000, R13=0x000000fa451fe0a8, R14=0x000000fa451fe118, R15=0x0000026af5d7dec0
RIP=0x0000026a80031050, EFLAGS=0x0000000000010202


Register to memory mapping:

RAX=0x0000026a80009086 is at code_begin+3078 in an Interpreter codelet
return entry points  [0x0000026a80008480, 0x0000026a8000a298]  7704 bytes
RBX=0xe140e68500000000 is an unknown value
RCX=0x000000fa451fe0b0 is pointing into the stack for thread: 0x0000026af5d7dec0
RDX=0x0000000000000002 is an unknown value
RSP=0x000000fa451fe0a8 is pointing into the stack for thread: 0x0000026af5d7dec0
RBP=0x000000fa451fe0f8 is pointing into the stack for thread: 0x0000026af5d7dec0
RSI=0x0000026ace9e87d8 points into unknown readable memory: 0x88000cc1cfb85e42 | 42 5e b8 cf c1 0c 00 88
RDI=0x0000026ad1921c40 points into unknown readable memory: 0x0000001800000070 | 70 00 00 00 18 00 00 00
R8 =0x0000000000000002 is an unknown value
R9 =0x0000000000000002 is an unknown value
R10=0x00007ffd465dc610 jvm.dll
R11={method} {0x0000026a890b6438} 'newInvokeSpecial' '(Ljava/lang/Object;)Ljava/lang/Object;' in 'java/lang/invoke/DirectMethodHandle$Holder'
R12=0x0 is null
R13=0x000000fa451fe0a8 is pointing into the stack for thread: 0x0000026af5d7dec0
R14=0x000000fa451fe118 is pointing into the stack for thread: 0x0000026af5d7dec0
R15=0x0000026af5d7dec0 is a thread

Top of Stack: (sp=0x000000fa451fe0a8)
0x000000fa451fe0a8:   0000026a80009086 000000fa451fe0b0
0x000000fa451fe0b8:   0000026a8972d03f 0000000000000004
0x000000fa451fe0c8:   0000026a890b18e8 0000000705cb03c0
0x000000fa451fe0d8:   000000070510aa60 0000026a890b6430
0x000000fa451fe0e8:   000000fa451fe0a8 000000fa451fe120
0x000000fa451fe0f8:   000000fa451fe490 0000026a80395c4b
0x000000fa451fe108:   000000070a073330 000000070a0733d8
0x000000fa451fe118:   000000070a073390 000000070a073140
0x000000fa451fe128:   0000026a8001ea59 000000fa451fe490
0x000000fa451fe138:   0000026a8093a68c 0000020000000000
0x000000fa451fe148:   000000fa451fcfd8 000000fa451fcf88
0x000000fa451fe158:   000000fa451fcf88 0000026a8001ea59
0x000000fa451fe168:   0000026a80008190 0000000000000000
0x000000fa451fe178:   0000020000000000 000000fa451fcfd8
0x000000fa451fe188:   000000fa451fcf88 0000026af5d7dec0
0x000000fa451fe198:   000000070524ea38 0000000705cb03c0
0x000000fa451fe1a8:   000000070a073008 000000070a073008
0x000000fa451fe1b8:   000000070a073140 000000070a0733c0
0x000000fa451fe1c8:   000000070a073198 0000000705cb03c0
0x000000fa451fe1d8:   0000000000000001 000000fa451fe490
0x000000fa451fe1e8:   0000026a00000000 0000000000000000
0x000000fa451fe1f8:   0000000000000000 000000070a073390
0x000000fa451fe208:   0000026a803979dc 0000000000000000
0x000000fa451fe218:   0000000000000000 0000000000000000
0x000000fa451fe228:   0000000000000000 0000026af5d7dec0
0x000000fa451fe238:   0000000000000000 000000070a073140
0x000000fa451fe248:   0000000000000000 000000070a073008
0x000000fa451fe258:   000000070a0733c0 000000070a073140
0x000000fa451fe268:   0000000000000000 000000070a073000
0x000000fa451fe278:   0000026a8039516c 000000fa451fe490
0x000000fa451fe288:   0000026a8039336a 0000000000000000
0x000000fa451fe298:   0000026a802f17a9 0000026af5d7dec0 

Instructions: (pc=0x0000026a80031050)
0x0000026a80030f50:   bf e0 05 00 00 00 74 03 ff 63 38 ff 63 50 e9 9d
0x0000026a80030f60:   16 00 00 66 66 66 0f 1f 84 00 00 00 00 00 66 66
0x0000026a80030f70:   66 90 66 66 0f 1f 84 00 00 00 00 00 66 66 66 90
0x0000026a80030f80:   48 8b 53 08 0f b7 52 2e 48 8b 0c d4 58 5b 50 44
0x0000026a80030f90:   8b 51 08 49 bb 00 00 00 89 6a 02 00 00 4d 03 d3
0x0000026a80030fa0:   4c 8b 5b 10 4b 8b 9c da c8 01 00 00 48 85 db 0f
0x0000026a80030fb0:   84 10 00 00 00 41 80 bf e0 05 00 00 00 74 03 ff
0x0000026a80030fc0:   63 38 ff 63 50 e9 36 16 00 00 66 66 66 0f 1f 84
0x0000026a80030fd0:   00 00 00 00 00 66 66 66 90 0f 1f 80 00 00 00 00
0x0000026a80030fe0:   58 5b 50 8b 5b 24 48 c1 e3 03 48 8b 5b 10 48 85
0x0000026a80030ff0:   db 0f 84 10 00 00 00 41 80 bf e0 05 00 00 00 74
0x0000026a80031000:   03 ff 63 38 ff 63 50 e9 f4 15 00 00 66 66 66 0f
0x0000026a80031010:   1f 84 00 00 00 00 00 66 66 66 90 0f 1f 44 00 00
0x0000026a80031020:   48 8b 53 08 0f b7 52 2e 48 8b 0c d4 58 5b 50 48
0x0000026a80031030:   3b 01 8b 5b 24 48 c1 e3 03 48 8b 5b 10 48 85 db
0x0000026a80031040:   0f 84 10 00 00 00 41 80 bf e0 05 00 00 00 74 03
0x0000026a80031050:   ff 63 38 ff 63 50 e9 a5 15 00 00 0f 1f 44 00 00
0x0000026a80031060:   48 8b 53 08 0f b7 52 2e 48 8b 0c d4 58 5b 50 44
0x0000026a80031070:   8b 51 08 49 bb 00 00 00 89 6a 02 00 00 4d 03 d3
0x0000026a80031080:   8b 43 18 48 c1 e0 03 48 8b 40 10 48 8b 5b 10 45
0x0000026a80031090:   8b 9a a0 00 00 00 4f 8d 9c da c8 01 00 00 4d 8d
0x0000026a800310a0:   14 da 49 8b 1b 48 3b c3 74 15 48 85 db 0f 84 32
0x0000026a800310b0:   00 00 00 49 83 c3 10 49 8b 1b 48 3b c3 75 eb 45
0x0000026a800310c0:   8b 5b 08 4b 8b 1c 1a 48 85 db 0f 84 10 00 00 00
0x0000026a800310d0:   41 80 bf e0 05 00 00 00 74 03 ff 63 38 ff 63 50
0x0000026a800310e0:   e9 1b 15 00 00 e9 16 12 00 00 f4 00 00 00 00 00
0x0000026a800310f0:   00 00 00 00 00 00 00 00 00 00 00 00 00 00 00 00
0x0000026a80031100:   00 00 00 00 00 00 00 00 00 00 00 00 00 00 00 00
0x0000026a80031110:   00 00 00 00 00 00 00 00 00 00 00 00 00 00 00 00
0x0000026a80031120:   00 00 00 00 00 00 00 00 00 00 00 00 00 00 00 00
0x0000026a80031130:   00 00 00 00 00 00 00 00 00 00 00 00 00 00 00 00
0x0000026a80031140:   00 00 00 00 00 00 00 00 00 00 00 00 00 00 00 00 


Stack slot to memory mapping:

stack at sp + 0 slots: 0x0000026a80009086 is at code_begin+3078 in an Interpreter codelet
return entry points  [0x0000026a80008480, 0x0000026a8000a298]  7704 bytes
stack at sp + 1 slots: 0x000000fa451fe0b0 is pointing into the stack for thread: 0x0000026af5d7dec0
stack at sp + 2 slots: 0x0000026a8972d03f is pointing into metadata
stack at sp + 3 slots: 0x0000000000000004 is an unknown value
stack at sp + 4 slots: 0x0000026a890b18e8 is pointing into metadata
stack at sp + 5 slots: 0x0000000705cb03c0 is an oop: java.lang.Class 
{0x0000000705cb03c0} - klass: 'java/lang/Class'
 - ---- fields (total size 14 words):
 - private volatile transient 'classRedefinedCount' 'I' @12  1 (0x00000001)
 - injected 'klass' 'J' @16  2656608819320 (0x0000026a8a399878)
 - injected 'array_klass' 'J' @24  0 (0x0000000000000000)
 - injected 'oop_size' 'I' @32  14 (0x0000000e)
 - injected 'static_oop_field_count' 'I' @36  0 (0x00000000)
 - private volatile transient 'cachedConstructor' 'Ljava/lang/reflect/Constructor;' @40  null (0x00000000)
 - private transient 'name' 'Ljava/lang/String;' @44  "org.saima.LMS.controller.CourseController"{0x0000000705cb0da0} (0xe0b961b4)
 - private transient 'module' 'Ljava/lang/Module;' @48  a 'java/lang/Module'{0x0000000705239368} (0xe0a4726d)
 - private final 'classLoader' 'Ljava/lang/ClassLoader;' @52  a 'jdk/internal/loader/ClassLoaders$AppClassLoader'{0x00000007050f45a0} (0xe0a1e8b4)
 - private transient 'classData' 'Ljava/lang/Object;' @56  null (0x00000000)
 - private transient 'packageName' 'Ljava/lang/String;' @60  "org.saima.LMS.controller"{0x0000000705cb0a50} (0xe0b9614a)
 - private final 'componentType' 'Ljava/lang/Class;' @64  null (0x00000000)
 - private volatile transient 'reflectionData' 'Ljava/lang/ref/SoftReference;' @68  a 'java/lang/ref/SoftReference'{0x00000007061b75b0} (0xe0c36eb6)
 - private volatile transient 'genericInfo' 'Lsun/reflect/generics/repository/ClassRepository;' @72  null (0x00000000)
 - private volatile transient 'enumConstants' '[Ljava/lang/Object;' @76  null (0x00000000)
 - private volatile transient 'enumConstantDirectory' 'Ljava/util/Map;' @80  null (0x00000000)
 - private volatile transient 'annotationData' 'Ljava/lang/Class$AnnotationData;' @84  a 'java/lang/Class$AnnotationData'{0x00000007061b6f10} (0xe0c36de2)
 - private volatile transient 'annotationType' 'Lsun/reflect/annotation/AnnotationType;' @88  null (0x00000000)
 - transient 'classValueMap' 'Ljava/lang/ClassValue$ClassValueMap;' @92  null (0x00000000)
 - injected 'protection_domain' 'Ljava/lang/Object;' @96  a 'java/security/ProtectionDomain'{0x0000000705641330} (0xe0ac8266)
 - injected 'signers_name' 'Ljava/lang/Object;' @100  null (0x00000000)
 - injected 'source_file' 'Ljava/lang/Object;' @104  null (0x00000000)
 - signature: Lorg/saima/LMS/controller/CourseController;
 - ---- static fields (0):
stack at sp + 6 slots: 0x000000070510aa60 is an oop: java.lang.Class 
{0x000000070510aa60} - klass: 'java/lang/Class'
 - ---- fields (total size 14 words):
 - private volatile transient 'classRedefinedCount' 'I' @12  0 (0x00000000)
 - injected 'klass' 'J' @16  2656588993720 (0x0000026a890b14b8)
 - injected 'array_klass' 'J' @24  0 (0x0000000000000000)
 - injected 'oop_size' 'I' @32  14 (0x0000000e)
 - injected 'static_oop_field_count' 'I' @36  0 (0x00000000)
 - private volatile transient 'cachedConstructor' 'Ljava/lang/reflect/Constructor;' @40  null (0x00000000)
 - private transient 'name' 'Ljava/lang/String;' @44  null (0x00000000)
 - private transient 'module' 'Ljava/lang/Module;' @48  a 'java/lang/Module'{0x0000000705111d50} (0xe0a223aa)
 - private final 'classLoader' 'Ljava/lang/ClassLoader;' @52  null (0x00000000)
 - private transient 'classData' 'Ljava/lang/Object;' @56  null (0x00000000)
 - private transient 'packageName' 'Ljava/lang/String;' @60  null (0x00000000)
 - private final 'componentType' 'Ljava/lang/Class;' @64  null (0x00000000)
 - private volatile transient 'reflectionData' 'Ljava/lang/ref/SoftReference;' @68  null (0x00000000)
 - private volatile transient 'genericInfo' 'Lsun/reflect/generics/repository/ClassRepository;' @72  null (0x00000000)
 - private volatile transient 'enumConstants' '[Ljava/lang/Object;' @76  null (0x00000000)
 - private volatile transient 'enumConstantDirectory' 'Ljava/util/Map;' @80  null (0x00000000)
 - private volatile transient 'annotationData' 'Ljava/lang/Class$AnnotationData;' @84  null (0x00000000)
 - private volatile transient 'annotationType' 'Lsun/reflect/annotation/AnnotationType;' @88  null (0x00000000)
 - transient 'classValueMap' 'Ljava/lang/ClassValue$ClassValueMap;' @92  null (0x00000000)
 - injected 'protection_domain' 'Ljava/lang/Object;' @96  null (0x00000000)
 - injected 'signers_name' 'Ljava/lang/Object;' @100  null (0x00000000)
 - injected 'source_file' 'Ljava/lang/Object;' @104  null (0x00000000)
 - signature: Ljava/lang/invoke/DirectMethodHandle$Holder;
 - ---- static fields (0):
stack at sp + 7 slots: {method} {0x0000026a890b6438} 'newInvokeSpecial' '(Ljava/lang/Object;)Ljava/lang/Object;' in 'java/lang/invoke/DirectMethodHandle$Holder'

MethodHandle::interpreter_entry::_linkToSpecial [0x0000026a8003100c, 0x0000026a8003105b] (79 bytes)
[MachCode]
  0x0000026a8003100c: 6666 660f | 1f84 0000 | 0000 0066 | 6666 900f | 1f44 0000 | 488b 5308 | 0fb7 522e | 488b 0cd4 
  0x0000026a8003102c: 585b 5048 | 3b01 8b5b | 2448 c1e3 | 0348 8b5b | 1048 85db | 0f84 1000 | 0000 4180 | bfe0 0500 
  0x0000026a8003104c: 0000 7403 | ff63 38ff | 6350 e9a5 | 
[/MachCode]

---------------  P R O C E S S  ---------------

Threads class SMR info:
_java_thread_list=0x0000026acfbe77a0, length=25, elements={
0x0000026af5d7dec0, 0x0000026affd5e3d0, 0x0000026affd5f2f0, 0x0000026affd631f0,
0x0000026affd6dd70, 0x0000026affd708f0, 0x0000026affd70260, 0x0000026affd764c0,
0x0000026affd70f80, 0x0000026ace14c860, 0x0000026ace130f80, 0x0000026ace14eef0,
0x0000026affd71ca0, 0x0000026affd71610, 0x0000026affd6e820, 0x0000026affd6fbd0,
0x0000026affd6eeb0, 0x0000026affd6f540, 0x0000026acf30e7d0, 0x0000026acf308bf0,
0x0000026acf30dab0, 0x0000026acf30e140, 0x0000026acf30f4f0, 0x0000026acf308560,
0x0000026acf309280
}

Java Threads: ( => current thread )
=>0x0000026af5d7dec0 JavaThread "main"                              [_thread_in_Java, id=13800, stack(0x000000fa45100000,0x000000fa45200000) (1024K)]
  0x0000026affd5e3d0 JavaThread "Reference Handler"          daemon [_thread_blocked, id=5064, stack(0x000000fa45900000,0x000000fa45a00000) (1024K)]
  0x0000026affd5f2f0 JavaThread "Finalizer"                  daemon [_thread_blocked, id=9440, stack(0x000000fa45a00000,0x000000fa45b00000) (1024K)]
  0x0000026affd631f0 JavaThread "Signal Dispatcher"          daemon [_thread_blocked, id=15004, stack(0x000000fa45b00000,0x000000fa45c00000) (1024K)]
  0x0000026affd6dd70 JavaThread "Attach Listener"            daemon [_thread_blocked, id=3616, stack(0x000000fa45c00000,0x000000fa45d00000) (1024K)]
  0x0000026affd708f0 JavaThread "Service Thread"             daemon [_thread_blocked, id=14432, stack(0x000000fa45d00000,0x000000fa45e00000) (1024K)]
  0x0000026affd70260 JavaThread "Monitor Deflation Thread"   daemon [_thread_blocked, id=9132, stack(0x000000fa45e00000,0x000000fa45f00000) (1024K)]
  0x0000026affd764c0 JavaThread "C1 CompilerThread0"         daemon [_thread_blocked, id=3284, stack(0x000000fa45f00000,0x000000fa46000000) (1024K)]
  0x0000026affd70f80 JavaThread "Common-Cleaner"             daemon [_thread_blocked, id=1020, stack(0x000000fa46000000,0x000000fa46100000) (1024K)]
  0x0000026ace14c860 JavaThread "JDWP Transport Listener: dt_socket" daemon [_thread_blocked, id=15176, stack(0x000000fa46300000,0x000000fa46400000) (1024K)]
  0x0000026ace130f80 JavaThread "JDWP Event Helper Thread"   daemon [_thread_blocked, id=2516, stack(0x000000fa46400000,0x000000fa46500000) (1024K)]
  0x0000026ace14eef0 JavaThread "JDWP Command Reader"        daemon [_thread_in_native, id=10152, stack(0x000000fa46500000,0x000000fa46600000) (1024K)]
  0x0000026affd71ca0 JavaThread "Notification Thread"        daemon [_thread_blocked, id=2680, stack(0x000000fa46600000,0x000000fa46700000) (1024K)]
  0x0000026affd71610 JavaThread "RMI TCP Accept-0"           daemon [_thread_in_native, id=2000, stack(0x000000fa46800000,0x000000fa46900000) (1024K)]
  0x0000026affd6e820 JavaThread "RMI TCP Accept-50976"       daemon [_thread_in_native, id=14972, stack(0x000000fa47000000,0x000000fa47100000) (1024K)]
  0x0000026affd6fbd0 JavaThread "RMI TCP Accept-0"           daemon [_thread_in_native, id=5632, stack(0x000000fa47100000,0x000000fa47200000) (1024K)]
  0x0000026affd6eeb0 JavaThread "RMI TCP Connection(1)-127.0.0.1" daemon [_thread_in_native, id=15352, stack(0x000000fa47200000,0x000000fa47300000) (1024K)]
  0x0000026affd6f540 JavaThread "RMI Scheduler(0)"           daemon [_thread_blocked, id=4472, stack(0x000000fa47300000,0x000000fa47400000) (1024K)]
  0x0000026acf30e7d0 JavaThread "RMI TCP Connection(2)-127.0.0.1" daemon [_thread_in_native, id=14388, stack(0x000000fa47400000,0x000000fa47500000) (1024K)]
  0x0000026acf308bf0 JavaThread "JMX server connection timeout 38" daemon [_thread_blocked, id=8996, stack(0x000000fa47500000,0x000000fa47600000) (1024K)]
  0x0000026acf30dab0 JavaThread "PostgreSQL-JDBC-Cleaner"    daemon [_thread_blocked, id=14568, stack(0x000000fa47800000,0x000000fa47900000) (1024K)]
  0x0000026acf30e140 JavaThread "HikariPool-1 housekeeper"   daemon [_thread_blocked, id=6040, stack(0x000000fa47900000,0x000000fa47a00000) (1024K)]
  0x0000026acf30f4f0 JavaThread "Catalina-utility-1"                [_thread_blocked, id=9048, stack(0x000000fa47b00000,0x000000fa47c00000) (1024K)]
  0x0000026acf308560 JavaThread "Catalina-utility-2"                [_thread_blocked, id=9584, stack(0x000000fa47c00000,0x000000fa47d00000) (1024K)]
  0x0000026acf309280 JavaThread "container-0"                       [_thread_blocked, id=8860, stack(0x000000fa47d00000,0x000000fa47e00000) (1024K)]
Total: 25

Other Threads:
  0x0000026affd3cc20 VMThread "VM Thread"                           [id=15148, stack(0x000000fa45800000,0x000000fa45900000) (1024K)] _threads_hazard_ptr=0x0000026acfbe77a0
  0x0000026affd27c70 WatcherThread "VM Periodic Task Thread"        [id=13752, stack(0x000000fa45700000,0x000000fa45800000) (1024K)]
  0x0000026af5de3ae0 WorkerThread "GC Thread#0"                     [id=14404, stack(0x000000fa45200000,0x000000fa45300000) (1024K)]
  0x0000026aceb79e80 WorkerThread "GC Thread#1"                     [id=3568, stack(0x000000fa46900000,0x000000fa46a00000) (1024K)]
  0x0000026aceb7a220 WorkerThread "GC Thread#2"                     [id=3796, stack(0x000000fa46a00000,0x000000fa46b00000) (1024K)]
  0x0000026aceb7a5c0 WorkerThread "GC Thread#3"                     [id=13468, stack(0x000000fa46b00000,0x000000fa46c00000) (1024K)]
  0x0000026aceb7ad70 WorkerThread "GC Thread#4"                     [id=13916, stack(0x000000fa46c00000,0x000000fa46d00000) (1024K)]
  0x0000026aceb7b720 WorkerThread "GC Thread#5"                     [id=15008, stack(0x000000fa46d00000,0x000000fa46e00000) (1024K)]
  0x0000026aceb9bba0 WorkerThread "GC Thread#6"                     [id=2676, stack(0x000000fa46e00000,0x000000fa46f00000) (1024K)]
  0x0000026aceb9bf40 WorkerThread "GC Thread#7"                     [id=7320, stack(0x000000fa46f00000,0x000000fa47000000) (1024K)]
  0x0000026af5df52a0 ConcurrentGCThread "G1 Main Marker"            [id=1400, stack(0x000000fa45300000,0x000000fa45400000) (1024K)]
  0x0000026af5df6450 WorkerThread "G1 Conc#0"                       [id=14024, stack(0x000000fa45400000,0x000000fa45500000) (1024K)]
  0x0000026acf39d1d0 WorkerThread "G1 Conc#1"                       [id=10680, stack(0x000000fa47700000,0x000000fa47800000) (1024K)]
  0x0000026af5e3eb10 ConcurrentGCThread "G1 Refine#0"               [id=2380, stack(0x000000fa45500000,0x000000fa45600000) (1024K)]
  0x0000026affbfcb90 ConcurrentGCThread "G1 Service"                [id=7452, stack(0x000000fa45600000,0x000000fa45700000) (1024K)]
Total: 15

Threads with active compile tasks:
Total: 0

VM state: synchronizing (normal execution)

VM Mutex/Monitor currently owned by a thread:  ([mutex/lock_event])
[0x00007ffd465ccd68] Threads_lock - owner thread: 0x0000026affd3cc20

Heap address: 0x0000000704e00000, size: 4018 MB, Compressed Oops mode: Zero based, Oop shift amount: 3

CDS archive(s) mapped at: [0x0000026a89000000-0x0000026a89c90000-0x0000026a89c90000), size 13172736, SharedBaseAddress: 0x0000026a89000000, ArchiveRelocationMode: 1.
Compressed class space mapped at: 0x0000026a8a000000-0x0000026aca000000, reserved size: 1073741824
Narrow klass base: 0x0000026a89000000, Narrow klass shift: 0, Narrow klass range: 0x100000000

GC Precious Log:
 CardTable entry size: 512
 Card Set container configuration: InlinePtr #cards 4 size 8 Array Of Cards #cards 16 size 48 Howl #buckets 8 coarsen threshold 3686 Howl Bitmap #cards 512 size 80 coarsen threshold 460 Card regions per heap region 1 cards per card region 4096
 CPUs: 8 total, 8 available
 Memory: 16067M
 Large Page Support: Disabled
 NUMA Support: Disabled
 Compressed Oops: Enabled (Zero based)
 Heap Region Size: 2M
 Heap Min Capacity: 8M
 Heap Initial Capacity: 252M
 Heap Max Capacity: 4018M
 Pre-touch: Disabled
 Parallel Workers: 8
 Concurrent Workers: 2
 Concurrent Refinement Workers: 8
 Periodic GC: Disabled

Heap:
 garbage-first heap   total 116736K, used 63055K [0x0000000704e00000, 0x0000000800000000)
  region size 2048K, 20 young (40960K), 4 survivors (8192K)
 Metaspace       used 71221K, committed 71936K, reserved 1114112K
  class space    used 10032K, committed 10368K, reserved 1048576K

Heap Regions: E=young(eden), S=young(survivor), O=old, HS=humongous(starts), HC=humongous(continues), CS=collection set, F=free, TAMS=top-at-mark-start, PB=parsable bottom
|   0|0x0000000704e00000, 0x0000000705000000, 0x0000000705000000|100%| O|  |TAMS 0x0000000704e00000| PB 0x0000000704e00000| Untracked 
|   1|0x0000000705000000, 0x0000000705200000, 0x0000000705200000|100%| O|  |TAMS 0x0000000705000000| PB 0x0000000705000000| Untracked 
|   2|0x0000000705200000, 0x0000000705400000, 0x0000000705400000|100%| O|  |TAMS 0x0000000705200000| PB 0x0000000705200000| Untracked 
|   3|0x0000000705400000, 0x0000000705600000, 0x0000000705600000|100%| O|  |TAMS 0x0000000705400000| PB 0x0000000705400000| Untracked 
|   4|0x0000000705600000, 0x0000000705800000, 0x0000000705800000|100%| O|  |TAMS 0x0000000705600000| PB 0x0000000705600000| Untracked 
|   5|0x0000000705800000, 0x0000000705a00000, 0x0000000705a00000|100%| O|  |TAMS 0x0000000705800000| PB 0x0000000705800000| Untracked 
|   6|0x0000000705a00000, 0x0000000705c00000, 0x0000000705c00000|100%| O|  |TAMS 0x0000000705a00000| PB 0x0000000705a00000| Untracked 
|   7|0x0000000705c00000, 0x0000000705e00000, 0x0000000705e00000|100%| O|  |TAMS 0x0000000705c00000| PB 0x0000000705c00000| Untracked 
|   8|0x0000000705e00000, 0x0000000706000000, 0x0000000706000000|100%| O|  |TAMS 0x0000000705e00000| PB 0x0000000705e00000| Untracked 
|   9|0x0000000706000000, 0x0000000706200000, 0x0000000706200000|100%| O|  |TAMS 0x0000000706000000| PB 0x0000000706000000| Untracked 
|  10|0x0000000706200000, 0x0000000706400000, 0x0000000706400000|100%| O|  |TAMS 0x0000000706200000| PB 0x0000000706200000| Untracked 
|  11|0x0000000706400000, 0x0000000706600000, 0x0000000706600000|100%| O|  |TAMS 0x0000000706400000| PB 0x0000000706400000| Untracked 
|  12|0x0000000706600000, 0x0000000706600000, 0x0000000706800000|  0%| F|  |TAMS 0x0000000706600000| PB 0x0000000706600000| Untracked 
|  13|0x0000000706800000, 0x00000007068461f8, 0x0000000706a00000| 13%| O|  |TAMS 0x0000000706800000| PB 0x0000000706800000| Untracked 
|  14|0x0000000706a00000, 0x0000000706a00000, 0x0000000706c00000|  0%| F|  |TAMS 0x0000000706a00000| PB 0x0000000706a00000| Untracked 
|  15|0x0000000706c00000, 0x0000000706c00000, 0x0000000706e00000|  0%| F|  |TAMS 0x0000000706c00000| PB 0x0000000706c00000| Untracked 
|  16|0x0000000706e00000, 0x0000000706e00000, 0x0000000707000000|  0%| F|  |TAMS 0x0000000706e00000| PB 0x0000000706e00000| Untracked 
|  17|0x0000000707000000, 0x0000000707000000, 0x0000000707200000|  0%| F|  |TAMS 0x0000000707000000| PB 0x0000000707000000| Untracked 
|  18|0x0000000707200000, 0x0000000707200000, 0x0000000707400000|  0%| F|  |TAMS 0x0000000707200000| PB 0x0000000707200000| Untracked 
|  19|0x0000000707400000, 0x000000070754dba0, 0x0000000707600000| 65%| S|CS|TAMS 0x0000000707400000| PB 0x0000000707400000| Complete 
|  20|0x0000000707600000, 0x0000000707600000, 0x0000000707800000|  0%| F|  |TAMS 0x0000000707600000| PB 0x0000000707600000| Untracked 
|  21|0x0000000707800000, 0x0000000707800000, 0x0000000707a00000|  0%| F|  |TAMS 0x0000000707800000| PB 0x0000000707800000| Untracked 
|  22|0x0000000707a00000, 0x0000000707a00000, 0x0000000707c00000|  0%| F|  |TAMS 0x0000000707a00000| PB 0x0000000707a00000| Untracked 
|  23|0x0000000707c00000, 0x0000000707e00000, 0x0000000707e00000|100%| S|CS|TAMS 0x0000000707c00000| PB 0x0000000707c00000| Complete 
|  24|0x0000000707e00000, 0x0000000708000000, 0x0000000708000000|100%| S|CS|TAMS 0x0000000707e00000| PB 0x0000000707e00000| Complete 
|  25|0x0000000708000000, 0x0000000708200000, 0x0000000708200000|100%| S|CS|TAMS 0x0000000708000000| PB 0x0000000708000000| Complete 
|  26|0x0000000708200000, 0x0000000708200000, 0x0000000708400000|  0%| F|  |TAMS 0x0000000708200000| PB 0x0000000708200000| Untracked 
|  27|0x0000000708400000, 0x0000000708400000, 0x0000000708600000|  0%| F|  |TAMS 0x0000000708400000| PB 0x0000000708400000| Untracked 
|  28|0x0000000708600000, 0x0000000708600000, 0x0000000708800000|  0%| F|  |TAMS 0x0000000708600000| PB 0x0000000708600000| Untracked 
|  29|0x0000000708800000, 0x0000000708800000, 0x0000000708a00000|  0%| F|  |TAMS 0x0000000708800000| PB 0x0000000708800000| Untracked 
|  30|0x0000000708a00000, 0x0000000708a00000, 0x0000000708c00000|  0%| F|  |TAMS 0x0000000708a00000| PB 0x0000000708a00000| Untracked 
|  31|0x0000000708c00000, 0x0000000708c00000, 0x0000000708e00000|  0%| F|  |TAMS 0x0000000708c00000| PB 0x0000000708c00000| Untracked 
|  32|0x0000000708e00000, 0x0000000708e00000, 0x0000000709000000|  0%| F|  |TAMS 0x0000000708e00000| PB 0x0000000708e00000| Untracked 
|  33|0x0000000709000000, 0x0000000709000000, 0x0000000709200000|  0%| F|  |TAMS 0x0000000709000000| PB 0x0000000709000000| Untracked 
|  34|0x0000000709200000, 0x0000000709200000, 0x0000000709400000|  0%| F|  |TAMS 0x0000000709200000| PB 0x0000000709200000| Untracked 
|  35|0x0000000709400000, 0x0000000709400000, 0x0000000709600000|  0%| F|  |TAMS 0x0000000709400000| PB 0x0000000709400000| Untracked 
|  36|0x0000000709600000, 0x0000000709600000, 0x0000000709800000|  0%| F|  |TAMS 0x0000000709600000| PB 0x0000000709600000| Untracked 
|  37|0x0000000709800000, 0x0000000709800000, 0x0000000709a00000|  0%| F|  |TAMS 0x0000000709800000| PB 0x0000000709800000| Untracked 
|  38|0x0000000709a00000, 0x0000000709a00000, 0x0000000709c00000|  0%| F|  |TAMS 0x0000000709a00000| PB 0x0000000709a00000| Untracked 
|  39|0x0000000709c00000, 0x0000000709c00000, 0x0000000709e00000|  0%| F|  |TAMS 0x0000000709c00000| PB 0x0000000709c00000| Untracked 
|  40|0x0000000709e00000, 0x0000000709e00000, 0x000000070a000000|  0%| F|  |TAMS 0x0000000709e00000| PB 0x0000000709e00000| Untracked 
|  41|0x000000070a000000, 0x000000070a1d8d08, 0x000000070a200000| 92%| E|  |TAMS 0x000000070a000000| PB 0x000000070a000000| Complete 
|  42|0x000000070a200000, 0x000000070a400000, 0x000000070a400000|100%| E|CS|TAMS 0x000000070a200000| PB 0x000000070a200000| Complete 
|  43|0x000000070a400000, 0x000000070a600000, 0x000000070a600000|100%| E|CS|TAMS 0x000000070a400000| PB 0x000000070a400000| Complete 
|  44|0x000000070a600000, 0x000000070a800000, 0x000000070a800000|100%| E|CS|TAMS 0x000000070a600000| PB 0x000000070a600000| Complete 
|  45|0x000000070a800000, 0x000000070aa00000, 0x000000070aa00000|100%| E|CS|TAMS 0x000000070a800000| PB 0x000000070a800000| Complete 
|  46|0x000000070aa00000, 0x000000070ac00000, 0x000000070ac00000|100%| E|CS|TAMS 0x000000070aa00000| PB 0x000000070aa00000| Complete 
|  47|0x000000070ac00000, 0x000000070ae00000, 0x000000070ae00000|100%| E|CS|TAMS 0x000000070ac00000| PB 0x000000070ac00000| Complete 
|  48|0x000000070ae00000, 0x000000070b000000, 0x000000070b000000|100%| E|CS|TAMS 0x000000070ae00000| PB 0x000000070ae00000| Complete 
|  49|0x000000070b000000, 0x000000070b200000, 0x000000070b200000|100%| E|CS|TAMS 0x000000070b000000| PB 0x000000070b000000| Complete 
|  50|0x000000070b200000, 0x000000070b400000, 0x000000070b400000|100%| E|CS|TAMS 0x000000070b200000| PB 0x000000070b200000| Complete 
|  72|0x000000070de00000, 0x000000070e000000, 0x000000070e000000|100%| E|CS|TAMS 0x000000070de00000| PB 0x000000070de00000| Complete 
|  73|0x000000070e000000, 0x000000070e200000, 0x000000070e200000|100%| E|CS|TAMS 0x000000070e000000| PB 0x000000070e000000| Complete 
|  74|0x000000070e200000, 0x000000070e400000, 0x000000070e400000|100%| E|CS|TAMS 0x000000070e200000| PB 0x000000070e200000| Complete 
| 124|0x0000000714600000, 0x0000000714800000, 0x0000000714800000|100%| E|CS|TAMS 0x0000000714600000| PB 0x0000000714600000| Complete 
| 125|0x0000000714800000, 0x0000000714a00000, 0x0000000714a00000|100%| E|CS|TAMS 0x0000000714800000| PB 0x0000000714800000| Complete 
|2008|0x00000007ffe00000, 0x0000000800000000, 0x0000000800000000|100%| E|CS|TAMS 0x00000007ffe00000| PB 0x00000007ffe00000| Complete 

Card table byte_map: [0x0000026afeac0000,0x0000026aff2a0000] _byte_map_base: 0x0000026afb299000

Marking Bits: (CMBitMap*) 0x0000026af5de4d00
 Bits: [0x0000026a83000000, 0x0000026a86ec8000)

Polling page: 0x0000026af5540000

Metaspace:

Usage:
  Non-class:     59.75 MB used.
      Class:      9.80 MB used.
       Both:     69.55 MB used.

Virtual space:
  Non-class space:       64.00 MB reserved,      60.12 MB ( 94%) committed,  1 nodes.
      Class space:        1.00 GB reserved,      10.12 MB ( <1%) committed,  1 nodes.
             Both:        1.06 GB reserved,      70.25 MB (  6%) committed. 

Chunk freelists:
   Non-Class:  3.19 MB
       Class:  5.89 MB
        Both:  9.08 MB

MaxMetaspaceSize: unlimited
CompressedClassSpaceSize: 1.00 GB
Initial GC threshold: 21.00 MB
Current GC threshold: 94.31 MB
CDS: on
 - commit_granule_bytes: 65536.
 - commit_granule_words: 8192.
 - virtual_space_node_default_size: 8388608.
 - enlarge_chunks_in_place: 1.
 - use_allocation_guard: 0.


Internal statistics:

num_allocs_failed_limit: 9.
num_arena_births: 994.
num_arena_deaths: 0.
num_vsnodes_births: 2.
num_vsnodes_deaths: 0.
num_space_committed: 1124.
num_space_uncommitted: 0.
num_chunks_returned_to_freelist: 9.
num_chunks_taken_from_freelist: 3475.
num_chunk_merges: 9.
num_chunk_splits: 2554.
num_chunks_enlarged: 2024.
num_inconsistent_stats: 0.

CodeCache: size=49152Kb used=11889Kb max_used=13527Kb free=37262Kb
 bounds [0x0000026a80000000, 0x0000026a80d40000, 0x0000026a83000000]
 total_blobs=6846 nmethods=6137 adapters=632
 compilation: enabled
              stopped_count=0, restarted_count=0
 full_count=0

Compilation events (20 events):
Event: 13.299 Thread 0x0000026ace063570 nmethod 6198 0x0000026a80423c10 code [0x0000026a80423dc0, 0x0000026a80423ee0]
Event: 13.299 Thread 0x0000026ace063570 6200       1       java.io.ObjectOutputStream::writeLong (9 bytes)
Event: 13.299 Thread 0x0000026ace063570 nmethod 6200 0x0000026a80423890 code [0x0000026a80423a40, 0x0000026a80423b48]
Event: 13.299 Thread 0x0000026ace063570 6201       1       java.io.ObjectOutputStream$BlockDataOutputStream::writeLong (48 bytes)
Event: 13.300 Thread 0x0000026affd764c0 nmethod 6199 0x0000026a80423290 code [0x0000026a80423460, 0x0000026a804237e0]
Event: 13.300 Thread 0x0000026affd764c0 6202       1       java.io.ObjectStreamField::getTypeString (16 bytes)
Event: 13.301 Thread 0x0000026affd764c0 nmethod 6202 0x0000026a80422c10 code [0x0000026a80422de0, 0x0000026a80423058]
Event: 13.301 Thread 0x0000026affd764c0 6203       1       java.io.ObjectOutputStream::writeTypeString (40 bytes)
Event: 13.302 Thread 0x0000026ace063570 nmethod 6201 0x0000026a80422390 code [0x0000026a80422560, 0x0000026a80422850]
Event: 13.302 Thread 0x0000026affd764c0 nmethod 6203 0x0000026a80421d90 code [0x0000026a80421f80, 0x0000026a804221c8]
Event: 13.848 Thread 0x0000026affd764c0 6204       1       java.io.ObjectOutputStream::writeShort (9 bytes)
Event: 13.849 Thread 0x0000026affd764c0 nmethod 6204 0x0000026a80421a10 code [0x0000026a80421bc0, 0x0000026a80421cc0]
Event: 14.354 Thread 0x0000026affd764c0 6205   !   1       java.io.ObjectOutputStream::writeObject (38 bytes)
Event: 14.355 Thread 0x0000026affd764c0 nmethod 6205 0x0000026a80421590 code [0x0000026a80421760, 0x0000026a80421928]
Event: 14.857 Thread 0x0000026affd764c0 6206       1       java.util.concurrent.TimeUnit::toNanos (45 bytes)
Event: 14.858 Thread 0x0000026affd764c0 nmethod 6206 0x0000026a80421190 code [0x0000026a80421340, 0x0000026a804214d8]
Event: 14.858 Thread 0x0000026affd764c0 6207       1       java.io.ObjectInputStream$HandleTable::lookupException (29 bytes)
Event: 14.858 Thread 0x0000026affd764c0 nmethod 6207 0x0000026a80420d10 code [0x0000026a80420ec0, 0x0000026a80421068]
Event: 14.858 Thread 0x0000026affd764c0 6208       1       sun.util.logging.internal.LoggingProviderImpl$JULWrapper::isLoggable (12 bytes)
Event: 14.858 Thread 0x0000026affd764c0 nmethod 6208 0x0000026a80420910 code [0x0000026a80420ac0, 0x0000026a80420c00]

GC Heap History (20 events):
Event: 2.851 GC heap before
{Heap before GC invocations=8 (full 0):
 garbage-first heap   total 79872K, used 62211K [0x0000000704e00000, 0x0000000800000000)
  region size 2048K, 23 young (47104K), 2 survivors (4096K)
 Metaspace       used 32046K, committed 32448K, reserved 1114112K
  class space    used 4358K, committed 4544K, reserved 1048576K
}
Event: 2.860 GC heap after
{Heap after GC invocations=9 (full 0):
 garbage-first heap   total 79872K, used 21275K [0x0000000704e00000, 0x0000000800000000)
  region size 2048K, 2 young (4096K), 2 survivors (4096K)
 Metaspace       used 32046K, committed 32448K, reserved 1114112K
  class space    used 4358K, committed 4544K, reserved 1048576K
}
Event: 3.080 GC heap before
{Heap before GC invocations=9 (full 0):
 garbage-first heap   total 79872K, used 41755K [0x0000000704e00000, 0x0000000800000000)
  region size 2048K, 13 young (26624K), 2 survivors (4096K)
 Metaspace       used 33922K, committed 34368K, reserved 1114112K
  class space    used 4640K, committed 4864K, reserved 1048576K
}
Event: 3.088 GC heap after
{Heap after GC invocations=10 (full 0):
 garbage-first heap   total 79872K, used 22256K [0x0000000704e00000, 0x0000000800000000)
  region size 2048K, 2 young (4096K), 2 survivors (4096K)
 Metaspace       used 33922K, committed 34368K, reserved 1114112K
  class space    used 4640K, committed 4864K, reserved 1048576K
}
Event: 3.485 GC heap before
{Heap before GC invocations=11 (full 0):
 garbage-first heap   total 79872K, used 65264K [0x0000000704e00000, 0x0000000800000000)
  region size 2048K, 23 young (47104K), 2 survivors (4096K)
 Metaspace       used 37596K, committed 38144K, reserved 1114112K
  class space    used 5122K, committed 5376K, reserved 1048576K
}
Event: 3.491 GC heap after
{Heap after GC invocations=12 (full 0):
 garbage-first heap   total 96256K, used 23540K [0x0000000704e00000, 0x0000000800000000)
  region size 2048K, 3 young (6144K), 3 survivors (6144K)
 Metaspace       used 37596K, committed 38144K, reserved 1114112K
  class space    used 5122K, committed 5376K, reserved 1048576K
}
Event: 3.992 GC heap before
{Heap before GC invocations=12 (full 0):
 garbage-first heap   total 96256K, used 74740K [0x0000000704e00000, 0x0000000800000000)
  region size 2048K, 28 young (57344K), 3 survivors (6144K)
 Metaspace       used 41021K, committed 41664K, reserved 1114112K
  class space    used 5610K, committed 5888K, reserved 1048576K
}
Event: 4.005 GC heap after
{Heap after GC invocations=13 (full 0):
 garbage-first heap   total 96256K, used 25122K [0x0000000704e00000, 0x0000000800000000)
  region size 2048K, 3 young (6144K), 3 survivors (6144K)
 Metaspace       used 41021K, committed 41664K, reserved 1114112K
  class space    used 5610K, committed 5888K, reserved 1048576K
}
Event: 4.371 GC heap before
{Heap before GC invocations=13 (full 0):
 garbage-first heap   total 96256K, used 74274K [0x0000000704e00000, 0x0000000800000000)
  region size 2048K, 28 young (57344K), 3 survivors (6144K)
 Metaspace       used 45089K, committed 45760K, reserved 1114112K
  class space    used 6200K, committed 6528K, reserved 1048576K
}
Event: 4.382 GC heap after
{Heap after GC invocations=14 (full 0):
 garbage-first heap   total 96256K, used 26277K [0x0000000704e00000, 0x0000000800000000)
  region size 2048K, 3 young (6144K), 3 survivors (6144K)
 Metaspace       used 45089K, committed 45760K, reserved 1114112K
  class space    used 6200K, committed 6528K, reserved 1048576K
}
Event: 5.049 GC heap before
{Heap before GC invocations=14 (full 0):
 garbage-first heap   total 96256K, used 75429K [0x0000000704e00000, 0x0000000800000000)
  region size 2048K, 28 young (57344K), 3 survivors (6144K)
 Metaspace       used 50334K, committed 50944K, reserved 1114112K
  class space    used 6972K, committed 7232K, reserved 1048576K
}
Event: 5.061 GC heap after
{Heap after GC invocations=15 (full 0):
 garbage-first heap   total 96256K, used 27725K [0x0000000704e00000, 0x0000000800000000)
  region size 2048K, 3 young (6144K), 3 survivors (6144K)
 Metaspace       used 50334K, committed 50944K, reserved 1114112K
  class space    used 6972K, committed 7232K, reserved 1048576K
}
Event: 5.457 GC heap before
{Heap before GC invocations=15 (full 0):
 garbage-first heap   total 96256K, used 76877K [0x0000000704e00000, 0x0000000800000000)
  region size 2048K, 28 young (57344K), 3 survivors (6144K)
 Metaspace       used 55172K, committed 55744K, reserved 1114112K
  class space    used 7615K, committed 7872K, reserved 1048576K
}
Event: 5.466 GC heap after
{Heap after GC invocations=16 (full 0):
 garbage-first heap   total 116736K, used 28988K [0x0000000704e00000, 0x0000000800000000)
  region size 2048K, 2 young (4096K), 2 survivors (4096K)
 Metaspace       used 55172K, committed 55744K, reserved 1114112K
  class space    used 7615K, committed 7872K, reserved 1048576K
}
Event: 5.604 GC heap before
{Heap before GC invocations=16 (full 0):
 garbage-first heap   total 116736K, used 45372K [0x0000000704e00000, 0x0000000800000000)
  region size 2048K, 11 young (22528K), 2 survivors (4096K)
 Metaspace       used 56865K, committed 57536K, reserved 1114112K
  class space    used 7800K, committed 8128K, reserved 1048576K
}
Event: 5.612 GC heap after
{Heap after GC invocations=17 (full 0):
 garbage-first heap   total 116736K, used 29197K [0x0000000704e00000, 0x0000000800000000)
  region size 2048K, 2 young (4096K), 2 survivors (4096K)
 Metaspace       used 56865K, committed 57536K, reserved 1114112K
  class space    used 7800K, committed 8128K, reserved 1048576K
}
Event: 6.176 GC heap before
{Heap before GC invocations=18 (full 0):
 garbage-first heap   total 116736K, used 94733K [0x0000000704e00000, 0x0000000800000000)
  region size 2048K, 34 young (69632K), 2 survivors (4096K)
 Metaspace       used 63553K, committed 64256K, reserved 1114112K
  class space    used 8946K, committed 9280K, reserved 1048576K
}
Event: 6.184 GC heap after
{Heap after GC invocations=19 (full 0):
 garbage-first heap   total 116736K, used 30322K [0x0000000704e00000, 0x0000000800000000)
  region size 2048K, 3 young (6144K), 3 survivors (6144K)
 Metaspace       used 63553K, committed 64256K, reserved 1114112K
  class space    used 8946K, committed 9280K, reserved 1048576K
}
Event: 6.913 GC heap before
{Heap before GC invocations=19 (full 0):
 garbage-first heap   total 116736K, used 93810K [0x0000000704e00000, 0x0000000800000000)
  region size 2048K, 34 young (69632K), 3 survivors (6144K)
 Metaspace       used 69151K, committed 69888K, reserved 1114112K
  class space    used 9725K, committed 10048K, reserved 1048576K
}
Event: 6.923 GC heap after
{Heap after GC invocations=20 (full 0):
 garbage-first heap   total 116736K, used 32335K [0x0000000704e00000, 0x0000000800000000)
  region size 2048K, 4 young (8192K), 4 survivors (8192K)
 Metaspace       used 69151K, committed 69888K, reserved 1114112K
  class space    used 9725K, committed 10048K, reserved 1048576K
}

Dll operation events (12 events):
Event: 0.007 Loaded shared library C:\Users\Saima\App\Java\jdk-21.0.2\bin\java.dll
Event: 0.207 Loaded shared library C:\Users\Saima\App\Java\jdk-21.0.2\bin\zip.dll
Event: 0.210 Loaded shared library C:\Users\Saima\App\Java\jdk-21.0.2\bin\instrument.dll
Event: 0.214 Loaded shared library C:\Users\Saima\App\Java\jdk-21.0.2\bin\net.dll
Event: 0.215 Loaded shared library C:\Users\Saima\App\Java\jdk-21.0.2\bin\nio.dll
Event: 0.217 Loaded shared library C:\Users\Saima\App\Java\jdk-21.0.2\bin\zip.dll
Event: 0.344 Loaded shared library C:\Users\Saima\App\Java\jdk-21.0.2\bin\jimage.dll
Event: 0.384 Loaded shared library C:\Users\Saima\App\Java\jdk-21.0.2\bin\management.dll
Event: 0.392 Loaded shared library C:\Users\Saima\App\Java\jdk-21.0.2\bin\management_ext.dll
Event: 0.564 Loaded shared library C:\Users\Saima\App\Java\jdk-21.0.2\bin\extnet.dll
Event: 0.592 Loaded shared library C:\Users\Saima\App\Java\jdk-21.0.2\bin\verify.dll
Event: 1.935 Loaded shared library C:\Users\Saima\App\Java\jdk-21.0.2\bin\sunmscapi.dll

Deoptimization events (20 events):
Event: 12.793 Thread 0x0000026acf30e7d0 DEOPT PACKING pc=0x0000026a80b0fa74 sp=0x000000fa474febb0
Event: 12.793 Thread 0x0000026acf30e7d0 DEOPT UNPACKING pc=0x0000026a80054e42 sp=0x000000fa474fe0a0 mode 1
Event: 13.297 Thread 0x0000026acf30e7d0 DEOPT PACKING pc=0x0000026a80b09694 sp=0x000000fa474fea00
Event: 13.297 Thread 0x0000026acf30e7d0 DEOPT UNPACKING pc=0x0000026a80054e42 sp=0x000000fa474fdf00 mode 1
Event: 13.297 Thread 0x0000026acf30e7d0 DEOPT PACKING pc=0x0000026a80b0fa74 sp=0x000000fa474febb0
Event: 13.297 Thread 0x0000026acf30e7d0 DEOPT UNPACKING pc=0x0000026a80054e42 sp=0x000000fa474fe0a0 mode 1
Event: 13.848 Thread 0x0000026acf30e7d0 DEOPT PACKING pc=0x0000026a80b09694 sp=0x000000fa474fea00
Event: 13.848 Thread 0x0000026acf30e7d0 DEOPT UNPACKING pc=0x0000026a80054e42 sp=0x000000fa474fdf00 mode 1
Event: 13.848 Thread 0x0000026acf30e7d0 DEOPT PACKING pc=0x0000026a80b0fa74 sp=0x000000fa474febb0
Event: 13.848 Thread 0x0000026acf30e7d0 DEOPT UNPACKING pc=0x0000026a80054e42 sp=0x000000fa474fe0a0 mode 1
Event: 14.353 Thread 0x0000026acf30e7d0 DEOPT PACKING pc=0x0000026a80b09694 sp=0x000000fa474fea00
Event: 14.353 Thread 0x0000026acf30e7d0 DEOPT UNPACKING pc=0x0000026a80054e42 sp=0x000000fa474fdf00 mode 1
Event: 14.353 Thread 0x0000026acf30e7d0 DEOPT PACKING pc=0x0000026a80b0fa74 sp=0x000000fa474febb0
Event: 14.353 Thread 0x0000026acf30e7d0 DEOPT UNPACKING pc=0x0000026a80054e42 sp=0x000000fa474fe0a0 mode 1
Event: 14.858 Thread 0x0000026acf30e7d0 DEOPT PACKING pc=0x0000026a80b09694 sp=0x000000fa474fea00
Event: 14.858 Thread 0x0000026acf30e7d0 DEOPT UNPACKING pc=0x0000026a80054e42 sp=0x000000fa474fdf00 mode 1
Event: 14.858 Thread 0x0000026acf30e7d0 DEOPT PACKING pc=0x0000026a80b0fa74 sp=0x000000fa474febb0
Event: 14.858 Thread 0x0000026acf30e7d0 DEOPT UNPACKING pc=0x0000026a80054e42 sp=0x000000fa474fe0a0 mode 1
Event: 14.859 Thread 0x0000026af5d7dec0 DEOPT PACKING pc=0x0000026a8043bbb4 sp=0x000000fa451fe0b0
Event: 14.859 Thread 0x0000026af5d7dec0 DEOPT UNPACKING pc=0x0000026a80054e42 sp=0x000000fa451fd568 mode 0

Classes loaded (20 events):
Event: 6.961 Loading class java/lang/Character$UnicodeBlock
Event: 6.962 Loading class java/lang/Character$Subset
Event: 6.962 Loading class java/lang/Character$Subset done
Event: 6.963 Loading class java/lang/Character$UnicodeBlock done
Event: 7.002 Loading class java/util/regex/Pattern$Bound
Event: 7.002 Loading class java/util/regex/Pattern$Bound done
Event: 7.003 Loading class java/util/regex/Pattern$Behind
Event: 7.003 Loading class java/util/regex/Pattern$Behind done
Event: 7.068 Loading class java/lang/invoke/MethodHandleImpl$CountingWrapper$1
Event: 7.068 Loading class java/lang/invoke/MethodHandleImpl$CountingWrapper$1 done
Event: 7.081 Loading class sun/reflect/ReflectionFactory
Event: 7.081 Loading class sun/reflect/ReflectionFactory done
Event: 7.081 Loading class sun/reflect/ReflectionFactory$1
Event: 7.081 Loading class sun/reflect/ReflectionFactory$1 done
Event: 7.081 Loading class java/io/OptionalDataException
Event: 7.081 Loading class java/io/OptionalDataException done
Event: 7.110 Loading class java/util/stream/SortedOps$SizedRefSortingSink
Event: 7.110 Loading class java/util/stream/SortedOps$SizedRefSortingSink done
Event: 7.129 Loading class java/nio/channels/CompletionHandler
Event: 7.129 Loading class java/nio/channels/CompletionHandler done

Classes unloaded (0 events):
No events

Classes redefined (1 events):
Event: 14.881 Thread 0x0000026affd3cc20 redefined class name=org.saima.LMS.controller.CourseController, count=1

Internal exceptions (20 events):
Event: 6.221 Thread 0x0000026af5d7dec0 Exception <a 'java/lang/NoSuchMethodError'{0x000000071469dec0}: 'void java.lang.invoke.DirectMethodHandle$Holder.invokeSpecial(java.lang.Object, java.lang.Object, java.lang.Object, java.lang.Object, java.lang.Object, java.lang.Object, java.lang.Object, java.lang.Object)'> (0x000000071469dec0) 
thrown [s\open\src\hotspot\share\interpreter\linkResolver.cpp, line 773]
Event: 6.225 Thread 0x0000026af5d7dec0 Exception <a 'java/lang/NoSuchMethodError'{0x0000000714712558}: 'void java.lang.invoke.DirectMethodHandle$Holder.invokeSpecial(java.lang.Object, java.lang.Object, int, java.lang.Object)'> (0x0000000714712558) 
thrown [s\open\src\hotspot\share\interpreter\linkResolver.cpp, line 773]
Event: 6.225 Thread 0x0000026af5d7dec0 Exception <a 'java/lang/NoSuchMethodError'{0x0000000714719090}: 'java.lang.Object java.lang.invoke.DirectMethodHandle$Holder.newInvokeSpecial(java.lang.Object, java.lang.Object, int)'> (0x0000000714719090) 
thrown [s\open\src\hotspot\share\interpreter\linkResolver.cpp, line 773]
Event: 6.256 Thread 0x0000026af5d7dec0 Exception <a 'java/lang/NoSuchMethodError'{0x000000070e1bb978}: 'java.lang.Object java.lang.invoke.DirectMethodHandle$Holder.newInvokeSpecial(java.lang.Object, java.lang.Object, java.lang.Object, java.lang.Object, java.lang.Object, int, java.lang.Object)'> (0x000000070e1bb978) 
thrown [s\open\src\hotspot\share\interpreter\linkResolver.cpp, line 773]
Event: 6.259 Thread 0x0000026af5d7dec0 Exception <a 'java/lang/NoSuchMethodError'{0x000000070de12a18}: 'java.lang.Object java.lang.invoke.DirectMethodHandle$Holder.newInvokeSpecial(java.lang.Object, java.lang.Object, java.lang.Object, java.lang.Object, java.lang.Object, java.lang.Object, java.lang.Object, java.lang.Object, java.lang.Object, java.lang.Object, java.lang.Object, java.lang.Object)'> (0x000000070de12a18) 
thrown [s\open\src\hotspot\share\interpreter\linkResolver.cpp, line 773]
Event: 6.259 Thread 0x0000026af5d7dec0 Exception <a 'java/lang/NoSuchMethodError'{0x000000070de17ac0}: 'java.lang.Object java.lang.invoke.DirectMethodHandle$Holder.invokeSpecial(java.lang.Object, java.lang.Object, java.lang.Object, java.lang.Object, java.lang.Object, java.lang.Object, java.lang.Object, java.lang.Object, java.lang.Object, java.lang.Object, java.lang.Object, java.lang.Object, java.lang.Object)'> (0x000000070de17ac0) 
thrown [s\open\src\hotspot\share\interpreter\linkResolver.cpp, line 773]
Event: 6.260 Thread 0x0000026af5d7dec0 Exception <a 'java/lang/NoSuchMethodError'{0x000000070de1c7a8}: 'java.lang.Object java.lang.invoke.Invokers$Holder.linkToTargetMethod(java.lang.Object, java.lang.Object, java.lang.Object, java.lang.Object, java.lang.Object, java.lang.Object, java.lang.Object, java.lang.Object, java.lang.Object, java.lang.Object, java.lang.Object, java.lang.Object)'> (0x000000070de1c7a8) 
thrown [s\open\src\hotspot\share\interpreter\linkResolver.cpp, line 773]
Event: 6.290 Thread 0x0000026af5d7dec0 Exception <a 'java/lang/IncompatibleClassChangeError'{0x000000070b3e1b40}: Found class java.lang.Object, but interface was expected> (0x000000070b3e1b40) 
thrown [s\open\src\hotspot\share\interpreter\linkResolver.cpp, line 840]
Event: 6.300 Thread 0x0000026af5d7dec0 Exception <a 'java/lang/NoSuchMethodError'{0x000000070b1025e8}: 'java.lang.Object java.lang.invoke.DirectMethodHandle$Holder.newInvokeSpecial(java.lang.Object, java.lang.Object, java.lang.Object, java.lang.Object, java.lang.Object, java.lang.Object, java.lang.Object, int)'> (0x000000070b1025e8) 
thrown [s\open\src\hotspot\share\interpreter\linkResolver.cpp, line 773]
Event: 6.300 Thread 0x0000026af5d7dec0 Exception <a 'java/lang/NoSuchMethodError'{0x000000070b107358}: 'java.lang.Object java.lang.invoke.DirectMethodHandle$Holder.invokeSpecial(java.lang.Object, java.lang.Object, java.lang.Object, java.lang.Object, java.lang.Object, java.lang.Object, java.lang.Object, java.lang.Object, int)'> (0x000000070b107358) 
thrown [s\open\src\hotspot\share\interpreter\linkResolver.cpp, line 773]
Event: 6.300 Thread 0x0000026af5d7dec0 Exception <a 'java/lang/NoSuchMethodError'{0x000000070b10bb80}: 'java.lang.Object java.lang.invoke.Invokers$Holder.linkToTargetMethod(java.lang.Object, java.lang.Object, java.lang.Object, java.lang.Object, java.lang.Object, java.lang.Object, int, java.lang.Object)'> (0x000000070b10bb80) 
thrown [s\open\src\hotspot\share\interpreter\linkResolver.cpp, line 773]
Event: 6.326 Thread 0x0000026af5d7dec0 Exception <a 'java/lang/NoSuchMethodError'{0x000000070aff0298}: 'java.lang.Object java.lang.invoke.DirectMethodHandle$Holder.newInvokeSpecial(java.lang.Object, java.lang.Object, int, java.lang.Object, int, java.lang.Object, java.lang.Object)'> (0x000000070aff0298) 
thrown [s\open\src\hotspot\share\interpreter\linkResolver.cpp, line 773]
Event: 6.332 Thread 0x0000026af5d7dec0 Exception <a 'java/lang/NoSuchMethodError'{0x000000070ac94de0}: 'void java.lang.invoke.DirectMethodHandle$Holder.invokeInterface(java.lang.Object, java.lang.Object)'> (0x000000070ac94de0) 
thrown [s\open\src\hotspot\share\interpreter\linkResolver.cpp, line 773]
Event: 6.714 Thread 0x0000026af5d7dec0 Exception <a 'java/lang/IncompatibleClassChangeError'{0x0000000709822288}: Found class java.lang.Object, but interface was expected> (0x0000000709822288) 
thrown [s\open\src\hotspot\share\interpreter\linkResolver.cpp, line 840]
Event: 6.731 Thread 0x0000026af5d7dec0 Exception <a 'java/lang/IncompatibleClassChangeError'{0x00000007096aa7c8}: Found class java.lang.Object, but interface was expected> (0x00000007096aa7c8) 
thrown [s\open\src\hotspot\share\interpreter\linkResolver.cpp, line 840]
Event: 6.767 Thread 0x0000026af5d7dec0 Exception <a 'java/lang/IncompatibleClassChangeError'{0x000000070938e420}: Found class java.lang.Object, but interface was expected> (0x000000070938e420) 
thrown [s\open\src\hotspot\share\interpreter\linkResolver.cpp, line 840]
Event: 6.905 Thread 0x0000026af5d7dec0 Exception <a 'java/lang/IncompatibleClassChangeError'{0x00000007083416a0}: Found class java.lang.Object, but interface was expected> (0x00000007083416a0) 
thrown [s\open\src\hotspot\share\interpreter\linkResolver.cpp, line 840]
Event: 6.975 Thread 0x0000026af5d7dec0 Exception <a 'java/lang/IncompatibleClassChangeError'{0x00000007147ccf78}: Found class java.lang.Object, but interface was expected> (0x00000007147ccf78) 
thrown [s\open\src\hotspot\share\interpreter\linkResolver.cpp, line 840]
Event: 7.018 Thread 0x0000026af5d7dec0 Exception <a 'java/lang/NoSuchMethodError'{0x000000070de96110}: 'java.lang.Object java.lang.invoke.DirectMethodHandle$Holder.invokeStatic(java.lang.Object, int, java.lang.Object)'> (0x000000070de96110) 
thrown [s\open\src\hotspot\share\interpreter\linkResolver.cpp, line 773]
Event: 7.129 Thread 0x0000026af5d7dec0 Exception <a 'java/lang/NoSuchMethodError'{0x000000070aae6820}: 'long java.lang.invoke.DirectMethodHandle$Holder.invokeVirtual(java.lang.Object, java.lang.Object)'> (0x000000070aae6820) 
thrown [s\open\src\hotspot\share\interpreter\linkResolver.cpp, line 773]

ZGC Phase Switch (0 events):
No events

VM Operations (20 events):
Event: 6.928 Executing VM operation: HandshakeAllThreads (Deoptimize)
Event: 6.928 Executing VM operation: HandshakeAllThreads (Deoptimize) done
Event: 7.105 Executing VM operation: HandshakeAllThreads (Deoptimize)
Event: 7.105 Executing VM operation: HandshakeAllThreads (Deoptimize) done
Event: 7.106 Executing VM operation: HandshakeAllThreads (Deoptimize)
Event: 7.106 Executing VM operation: HandshakeAllThreads (Deoptimize) done
Event: 7.135 Executing VM operation: HandshakeAllThreads (Deoptimize)
Event: 7.135 Executing VM operation: HandshakeAllThreads (Deoptimize) done
Event: 7.339 Executing VM operation: get/set locals
Event: 7.339 Executing VM operation: get/set locals done
Event: 11.370 Executing VM operation: Cleanup
Event: 11.370 Executing VM operation: Cleanup done
Event: 14.859 Executing VM operation: ChangeSingleStep
Event: 14.859 Executing VM operation: ChangeSingleStep done
Event: 14.859 Executing VM operation: ChangeSingleStep
Event: 14.859 Executing VM operation: ChangeSingleStep done
Event: 14.876 Executing VM operation: RedefineClasses
Event: 14.898 Executing VM operation: RedefineClasses done
Event: 14.900 Executing VM operation: ChangeSingleStep
Event: 14.900 Executing VM operation: ChangeSingleStep done

Events (20 events):
Event: 5.637 Thread 0x0000026affd3cc20 flushing nmethod 0x0000026a807fd210
Event: 5.637 Thread 0x0000026affd3cc20 flushing nmethod 0x0000026a807eeb10
Event: 5.637 Thread 0x0000026affd3cc20 flushing nmethod 0x0000026a807ee610
Event: 5.637 Thread 0x0000026affd3cc20 flushing nmethod 0x0000026a80788690
Event: 5.637 Thread 0x0000026affd3cc20 flushing nmethod 0x0000026a8075a310
Event: 5.637 Thread 0x0000026affd3cc20 flushing nmethod 0x0000026a8076a410
Event: 5.637 Thread 0x0000026affd3cc20 flushing nmethod 0x0000026a806c5990
Event: 5.637 Thread 0x0000026affd3cc20 flushing nmethod 0x0000026a805c7110
Event: 5.637 Thread 0x0000026affd3cc20 flushing nmethod 0x0000026a805c6010
Event: 5.637 Thread 0x0000026affd3cc20 flushing nmethod 0x0000026a805c5810
Event: 5.637 Thread 0x0000026affd3cc20 flushing nmethod 0x0000026a805c1e10
Event: 5.637 Thread 0x0000026affd3cc20 flushing nmethod 0x0000026a80533490
Event: 5.637 Thread 0x0000026affd3cc20 flushing nmethod 0x0000026a80338510
Event: 7.141 Thread 0x0000026acf30f4f0 Thread added: 0x0000026acf30f4f0
Event: 7.142 Thread 0x0000026acf308560 Thread added: 0x0000026acf308560
Event: 7.146 Thread 0x0000026acf309280 Thread added: 0x0000026acf309280
Event: 8.147 Thread 0x0000026acead5720 Thread exited: 0x0000026acead5720
Event: 10.771 Thread 0x0000026ace063c20 Thread exited: 0x0000026ace063c20
Event: 11.512 Thread 0x0000026acf30cd90 Thread exited: 0x0000026acf30cd90
Event: 13.848 Thread 0x0000026ace063570 Thread exited: 0x0000026ace063570


Dynamic libraries:
0x00007ff65cdc0000 - 0x00007ff65cdce000 	C:\Users\Saima\App\Java\jdk-21.0.2\bin\javaw.exe
0x00007ffdd19f0000 - 0x00007ffdd1be8000 	C:\Windows\SYSTEM32\ntdll.dll
0x00007ffdd0e90000 - 0x00007ffdd0f52000 	C:\Windows\System32\KERNEL32.DLL
0x00007ffdcf6b0000 - 0x00007ffdcf9a6000 	C:\Windows\System32\KERNELBASE.dll
0x00007ffdcf520000 - 0x00007ffdcf620000 	C:\Windows\System32\ucrtbase.dll
0x00007ffdc78b0000 - 0x00007ffdc78c8000 	C:\Users\Saima\App\Java\jdk-21.0.2\bin\jli.dll
0x00007ffdd1000000 - 0x00007ffdd119d000 	C:\Windows\System32\USER32.dll
0x00007ffdcf9b0000 - 0x00007ffdcf9d2000 	C:\Windows\System32\win32u.dll
0x00007ffdd11d0000 - 0x00007ffdd11fb000 	C:\Windows\System32\GDI32.dll
0x00007ffdcf310000 - 0x00007ffdcf42a000 	C:\Windows\System32\gdi32full.dll
0x00007ffdc7890000 - 0x00007ffdc78ab000 	C:\Users\Saima\App\Java\jdk-21.0.2\bin\VCRUNTIME140.dll
0x00007ffdcf430000 - 0x00007ffdcf4cd000 	C:\Windows\System32\msvcp_win.dll
0x00007ffdbf630000 - 0x00007ffdbf8ca000 	C:\Windows\WinSxS\amd64_microsoft.windows.common-controls_6595b64144ccf1df_6.0.19041.4355_none_60b8b9eb71f62e16\COMCTL32.dll
0x00007ffdcfcd0000 - 0x00007ffdcfd6e000 	C:\Windows\System32\msvcrt.dll
0x00007ffdd1200000 - 0x00007ffdd122f000 	C:\Windows\System32\IMM32.DLL
0x00007ffdc7880000 - 0x00007ffdc788c000 	C:\Users\Saima\App\Java\jdk-21.0.2\bin\vcruntime140_1.dll
0x00007ffdc77f0000 - 0x00007ffdc787e000 	C:\Users\Saima\App\Java\jdk-21.0.2\bin\msvcp140.dll
0x00007ffd45990000 - 0x00007ffd466a7000 	C:\Users\Saima\App\Java\jdk-21.0.2\bin\server\jvm.dll
0x00007ffdcfa10000 - 0x00007ffdcfabf000 	C:\Windows\System32\ADVAPI32.dll
0x00007ffdd0f60000 - 0x00007ffdd0fff000 	C:\Windows\System32\sechost.dll
0x00007ffdd13b0000 - 0x00007ffdd14d3000 	C:\Windows\System32\RPCRT4.dll
0x00007ffdcf9e0000 - 0x00007ffdcfa07000 	C:\Windows\System32\bcrypt.dll
0x00007ffdd1340000 - 0x00007ffdd13ab000 	C:\Windows\System32\WS2_32.dll
0x00007ffdce890000 - 0x00007ffdce8db000 	C:\Windows\SYSTEM32\POWRPROF.dll
0x00007ffdb6710000 - 0x00007ffdb6737000 	C:\Windows\SYSTEM32\WINMM.dll
0x00007ffdc6b70000 - 0x00007ffdc6b7a000 	C:\Windows\SYSTEM32\VERSION.dll
0x00007ffdce830000 - 0x00007ffdce842000 	C:\Windows\SYSTEM32\UMPDC.dll
0x00007ffdcd8a0000 - 0x00007ffdcd8b2000 	C:\Windows\SYSTEM32\kernel.appcore.dll
0x00007ffdc77e0000 - 0x00007ffdc77ea000 	C:\Users\Saima\App\Java\jdk-21.0.2\bin\jimage.dll
0x00007ffdccd40000 - 0x00007ffdccf24000 	C:\Windows\SYSTEM32\DBGHELP.DLL
0x00007ffdc4610000 - 0x00007ffdc4644000 	C:\Windows\SYSTEM32\dbgcore.DLL
0x00007ffdcf620000 - 0x00007ffdcf6a2000 	C:\Windows\System32\bcryptPrimitives.dll
0x00007ffdc77a0000 - 0x00007ffdc77dc000 	C:\Users\Saima\App\Java\jdk-21.0.2\bin\jdwp.dll
0x00007ffdc7780000 - 0x00007ffdc778f000 	C:\Users\Saima\App\Java\jdk-21.0.2\bin\instrument.dll
0x00007ffdc2840000 - 0x00007ffdc285f000 	C:\Users\Saima\App\Java\jdk-21.0.2\bin\java.dll
0x00007ffdcfd70000 - 0x00007ffdd04df000 	C:\Windows\System32\SHELL32.dll
0x00007ffdcd0e0000 - 0x00007ffdcd883000 	C:\Windows\SYSTEM32\windows.storage.dll
0x00007ffdd1650000 - 0x00007ffdd19a5000 	C:\Windows\System32\combase.dll
0x00007ffdceab0000 - 0x00007ffdceadb000 	C:\Windows\SYSTEM32\Wldp.dll
0x00007ffdd0db0000 - 0x00007ffdd0e7d000 	C:\Windows\System32\OLEAUT32.dll
0x00007ffdd14e0000 - 0x00007ffdd158d000 	C:\Windows\System32\SHCORE.dll
0x00007ffdd15f0000 - 0x00007ffdd1645000 	C:\Windows\System32\shlwapi.dll
0x00007ffdcefb0000 - 0x00007ffdcefd5000 	C:\Windows\SYSTEM32\profapi.dll
0x00007ffdc1d40000 - 0x00007ffdc1d4c000 	C:\Users\Saima\App\Java\jdk-21.0.2\bin\dt_socket.dll
0x00007ffdce480000 - 0x00007ffdce4bb000 	C:\Windows\SYSTEM32\IPHLPAPI.DLL
0x00007ffdce7a0000 - 0x00007ffdce80c000 	C:\Windows\system32\mswsock.dll
0x00007ffdce4c0000 - 0x00007ffdce58a000 	C:\Windows\SYSTEM32\DNSAPI.dll
0x00007ffdd0e80000 - 0x00007ffdd0e88000 	C:\Windows\System32\NSI.dll
0x00007ffdc4b50000 - 0x00007ffdc4b5a000 	C:\Windows\System32\rasadhlp.dll
0x00007ffdc37c0000 - 0x00007ffdc3840000 	C:\Windows\System32\fwpuclnt.dll
0x00007ffdb8be0000 - 0x00007ffdb8bf8000 	C:\Users\Saima\App\Java\jdk-21.0.2\bin\zip.dll
0x00007ffdc1d30000 - 0x00007ffdc1d40000 	C:\Users\Saima\App\Java\jdk-21.0.2\bin\net.dll
0x00007ffdc8350000 - 0x00007ffdc845a000 	C:\Windows\SYSTEM32\WINHTTP.dll
0x00007ffdb8b60000 - 0x00007ffdb8b76000 	C:\Users\Saima\App\Java\jdk-21.0.2\bin\nio.dll
0x00007ffdb9390000 - 0x00007ffdb939a000 	C:\Users\Saima\App\Java\jdk-21.0.2\bin\management.dll
0x00007ffdb8bd0000 - 0x00007ffdb8bdb000 	C:\Users\Saima\App\Java\jdk-21.0.2\bin\management_ext.dll
0x00007ffdd11a0000 - 0x00007ffdd11a8000 	C:\Windows\System32\PSAPI.DLL
0x00007ffdc0250000 - 0x00007ffdc0267000 	C:\Windows\system32\napinsp.dll
0x00007ffdc01b0000 - 0x00007ffdc01cb000 	C:\Windows\system32\pnrpnsp.dll
0x00007ffdc8b10000 - 0x00007ffdc8b25000 	C:\Windows\system32\wshbth.dll
0x00007ffdc8460000 - 0x00007ffdc847d000 	C:\Windows\system32\NLAapi.dll
0x00007ffdb94e0000 - 0x00007ffdb94f2000 	C:\Windows\System32\winrnr.dll
0x00007ffdcea00000 - 0x00007ffdcea18000 	C:\Windows\SYSTEM32\CRYPTSP.dll
0x00007ffdce060000 - 0x00007ffdce098000 	C:\Windows\system32\rsaenh.dll
0x00007ffdcef70000 - 0x00007ffdcef9e000 	C:\Windows\SYSTEM32\USERENV.dll
0x00007ffdcea20000 - 0x00007ffdcea2c000 	C:\Windows\SYSTEM32\CRYPTBASE.dll
0x00007ffdb8b50000 - 0x00007ffdb8b59000 	C:\Users\Saima\App\Java\jdk-21.0.2\bin\extnet.dll
0x00007ffdb8400000 - 0x00007ffdb8410000 	C:\Users\Saima\App\Java\jdk-21.0.2\bin\verify.dll
0x00007ffdb24f0000 - 0x00007ffdb24fe000 	C:\Users\Saima\App\Java\jdk-21.0.2\bin\sunmscapi.dll
0x00007ffdcf1b0000 - 0x00007ffdcf30d000 	C:\Windows\System32\CRYPT32.dll
0x00007ffdceb20000 - 0x00007ffdceb47000 	C:\Windows\SYSTEM32\ncrypt.dll
0x00007ffdceae0000 - 0x00007ffdceb1b000 	C:\Windows\SYSTEM32\NTASN1.dll

dbghelp: loaded successfully - version: 4.0.5 - missing functions: none
symbol engine: initialized successfully - sym options: 0x614 - pdb path: .;C:\Users\Saima\App\Java\jdk-21.0.2\bin;C:\Windows\SYSTEM32;C:\Windows\WinSxS\amd64_microsoft.windows.common-controls_6595b64144ccf1df_6.0.19041.4355_none_60b8b9eb71f62e16;C:\Users\Saima\App\Java\jdk-21.0.2\bin\server

VM Arguments:
jvm_args: -XX:+ShowCodeDetailsInExceptionMessages -agentlib:jdwp=transport=dt_socket,suspend=y,address=localhost:50977 -Dcom.sun.management.jmxremote -Dcom.sun.management.jmxremote.port=50976 -Dcom.sun.management.jmxremote.authenticate=false -Dcom.sun.management.jmxremote.ssl=false -Djava.rmi.server.hostname=localhost -Dspring.jmx.enabled=true -Dmanagement.endpoints.jmx.exposure.include=* -Dspring.application.admin.enabled=true -Dspring.output.ansi.enabled=always -XX:TieredStopAtLevel=1 -Dspring.boot.project.name=LMS -javaagent:C:\Apps\sts-4.28.1.RELEASE\configuration\org.eclipse.osgi\275\0\.cp\lib\javaagent-shaded.jar -Dfile.encoding=UTF-8 -Dstdout.encoding=UTF-8 -Dstderr.encoding=UTF-8 
java_command: org.saima.LMS.LmsApplication
java_class_path (initial): C:\Users\DELL\Desktop\Projects\Angular\LMS_Backend\target\classes;C:\Users\DELL\.m2\repository\org\springframework\boot\spring-boot-starter-actuator\3.3.11\spring-boot-starter-actuator-3.3.11.jar;C:\Users\DELL\.m2\repository\org\springframework\boot\spring-boot-actuator-autoconfigure\3.3.11\spring-boot-actuator-autoconfigure-3.3.11.jar;C:\Users\DELL\.m2\repository\org\springframework\boot\spring-boot-actuator\3.3.11\spring-boot-actuator-3.3.11.jar;C:\Users\DELL\.m2\repository\com\fasterxml\jackson\datatype\jackson-datatype-jsr310\2.17.3\jackson-datatype-jsr310-2.17.3.jar;C:\Users\DELL\.m2\repository\io\micrometer\micrometer-observation\1.13.13\micrometer-observation-1.13.13.jar;C:\Users\DELL\.m2\repository\io\micrometer\micrometer-commons\1.13.13\micrometer-commons-1.13.13.jar;C:\Users\DELL\.m2\repository\io\micrometer\micrometer-jakarta9\1.13.13\micrometer-jakarta9-1.13.13.jar;C:\Users\DELL\.m2\repository\io\micrometer\micrometer-core\1.13.13\micrometer-core-1.13.13.jar;C:\Users\DELL\.m2\repository\org\hdrhistogram\HdrHistogram\2.2.2\HdrHistogram-2.2.2.jar;C:\Users\DELL\.m2\repository\org\latencyutils\LatencyUtils\2.0.3\LatencyUtils-2.0.3.jar;C:\Users\DELL\.m2\repository\org\springframework\boot\spring-boot-starter-data-jpa\3.3.11\spring-boot-starter-data-jpa-3.3.11.jar;C:\Users\DELL\.m2\repository\org\springframework\boot\spring-boot-starter-aop\3.3.11\spring-boot-starter-aop-3.3.11.jar;C:\Users\DELL\.m2\repository\org\aspectj\aspectjweaver\1.9.24\aspectjweaver-1.9.24.jar;C:\Users\DELL\.m2\repository\org\springframework\boot\spring-boot-starter-jdbc\3.3.11\spring-boot-starter-jdbc-3.3.11.jar;C:\Users\DELL\.m2\repository\com\zaxxer\HikariCP\5.1.0\HikariCP-5.1.0.jar;C:\Users\DELL\.m2\repository\org\springframework\spring-jdbc\6.1.19\spring-jdbc-6.1.19.jar;C:\Users\DELL\.m2\repository\org\hibernate\orm\hibernate-core\6.5.3.Final\hibernate-core-6.5.3.Final.jar;C:\Users\DELL\.m2\repository\jakarta\persistence\jakarta.persistence-api\3.1.0\jakarta.persistence-api-3.1.0.jar;C:\Users\DELL\.m2\repository\jakarta\transaction\jakarta.transaction-api\2.0.1\jakarta.transaction-api-2.0.1.jar;C:\Users\DELL\.m2\repository\org\jboss\logging\jboss-logging\3.5.3.Final\jboss-logging-3.5.3.Final.jar;C:\Users\DELL\.m2\repository\org\hibernate\common\hibernate-commons-annotations\6.0.6.Final\hibernate-commons-annotations-6.0.6.Final.jar;C:\Users\DELL\.m2\repository\io\smallrye\jandex\3.1.2\jandex-3.1.2.jar;C:\Users\DELL\.m2\repository\com\fasterxml\classmate\1.7.0\classmate-1.7.0.jar;C:\Users\DELL\.m2\repository\net\bytebuddy\byte-buddy\1.14.19\byte-buddy-1.14.19.jar;C:\Users\DELL\.m2\repository\org\glassfish\jaxb\jaxb-runtime\4.0.5\jaxb-runtime-4.0.5.jar;C:\Users\DELL\.m2\repository\org\glassfish\jaxb\jaxb-core\4.0.5\jaxb-core-4.0.5.jar;C:\Users\DELL\.m2\repository\org\eclipse\angus\angus-activation\2.0.2\angus-activation-2.0.2.jar;C:\Users\DELL\.m2\repository\org\glassfish\jaxb\txw2\4.0.5\txw2-4.0.5.jar;C:\Users\DELL\.m2\repository\com\sun\istack\istack-commons-runtime\4.1.2\istack-commons-runtime-4.1.2.jar;C:\Users\DELL\.m2\repository\jakarta\inject\jakarta.inject-api\2.0.1\jakarta.inject-api-2.0.1.jar;C:\Users\DELL\.m2\repository\org\antlr\antlr4-runtime\4.13.0\antlr4-runtime-4.13.0.jar;C:\Users\DELL\.m2\repository\org\springframework\data\spring-data-jpa\3.3.11\spring-data-jpa-3.3.11.jar;C:\Users\DELL\.m2\repository\org\springframework\data\spring-data-commons\3.3.11\spring-data-commons-3.3.11.jar;C:\Users\DELL\.m2\repository\org\springframework\spring-orm\6.1.19\spring-orm-6.1.19.jar;C:\Users\DELL\.m2\repository\org\springframework\spring-context\6.1.19\spring-context-6.1.19.jar;C:\Users\DELL\.m2\repository\org\springframework\spring-tx\6.1.19\spring-tx-6.1.19.jar;C:\Users\DELL\.m2\repository\org\springframework\spring-beans\6.1.19\spring-beans-6.1.19.jar;C:\Users\DELL\.m2\repository\org\slf4j\slf4j-api\2.0.17\slf4j-api-2.0.17.jar;C:\Users\DELL\.m2\repository\org\springframework\spring-aspects\6.1.19\spring-aspects-6.1.19.jar;C:\Users\DELL\.m2\repository\org\springframework\boot\spring-boot-starter-security\3.3.11\spring-boot-starter-security-3.3.11.jar;C:\Users\DELL\.m2\repository\org\springframework\spring-aop\6.1.19\spring-aop-6.1.19.jar;C:\Users\DELL\.m2\repository\org\springframework\security\spring-security-config\6.3.9\spring-security-config-6.3.9.jar;C:\Users\DELL\.m2\repository\org\springframework\security\spring-security-web\6.3.9\spring-security-web-6.3.9.jar;C:\Users\DELL\.m2\repository\org\springframework\spring-expression\6.1.19\spring-expression-6.1.19.jar;C:\Users\DELL\.m2\repository\org\springframework\boot\spring-boot-starter-validation\3.3.11\spring-boot-starter-validation-3.3.11.jar;C:\Users\DELL\.m2\repository\org\apache\tomcat\embed\tomcat-embed-el\10.1.40\tomcat-embed-el-10.1.40.jar;C:\Users\DELL\.m2\repository\org\hibernate\validator\hibernate-validator\8.0.2.Final\hibernate-validator-8.0.2.Final.jar;C:\Users\DELL\.m2\repository\jakarta\validation\jakarta.validation-api\3.0.2\jakarta.validation-api-3.0.2.jar;C:\Users\DELL\.m2\repository\org\springframework\boot\spring-boot-starter-web\3.3.11\spring-boot-starter-web-3.3.11.jar;C:\Users\DELL\.m2\repository\org\springframework\boot\spring-boot-starter-json\3.3.11\spring-boot-starter-json-3.3.11.jar;C:\Users\DELL\.m2\repository\com\fasterxml\jackson\datatype\jackson-datatype-jdk8\2.17.3\jackson-datatype-jdk8-2.17.3.jar;C:\Users\DELL\.m2\repository\com\fasterxml\jackson\module\jackson-module-parameter-names\2.17.3\jackson-module-parameter-names-2.17.3.jar;C:\Users\DELL\.m2\repository\org\springframework\boot\spring-boot-starter-tomcat\3.3.11\spring-boot-starter-tomcat-3.3.11.jar;C:\Users\DELL\.m2\repository\org\apache\tomcat\embed\tomcat-embed-core\10.1.40\tomcat-embed-core-10.1.40.jar;C:\Users\DELL\.m2\repository\org\apache\tomcat\embed\tomcat-embed-websocket\10.1.40\tomcat-embed-websocket-10.1.40.jar;C:\Users\DELL\.m2\repository\org\springframework\spring-web\6.1.19\spring-web-6.1.19.jar;C:\Users\DELL\.m2\repository\org\springframework\spring-webmvc\6.1.19\spring-webmvc-6.1.19.jar;C:\Users\DELL\.m2\repository\org\springframework\boot\spring-boot-starter\3.3.11\spring-boot-starter-3.3.11.jar;C:\Users\DELL\.m2\repository\org\springframework\boot\spring-boot\3.3.11\spring-boot-3.3.11.jar;C:\Users\DELL\.m2\repository\org\springframework\boot\spring-boot-autoconfigure\3.3.11\spring-boot-autoconfigure-3.3.11.jar;C:\Users\DELL\.m2\repository\org\springframework\boot\spring-boot-starter-logging\3.3.11\spring-boot-starter-logging-3.3.11.jar;C:\Users\DELL\.m2\repository\ch\qos\logback\logback-classic\1.5.18\logback-classic-1.5.18.jar;C:\Users\DELL\.m2\repository\ch\qos\logback\logback-core\1.5.18\logback-core-1.5.18.jar;C:\Users\DELL\.m2\repository\org\apache\logging\log4j\log4j-to-slf4j\2.23.1\log4j-to-slf4j-2.23.1.jar;C:\Users\DELL\.m2\repository\org\apache\logging\log4j\log4j-api\2.23.1\log4j-api-2.23.1.jar;C:\Users\DELL\.m2\repository\org\slf4j\jul-to-slf4j\2.0.17\jul-to-slf4j-2.0.17.jar;C:\Users\DELL\.m2\repository\jakarta\annotation\jakarta.annotation-api\2.1.1\jakarta.annotation-api-2.1.1.jar;C:\Users\DELL\.m2\repository\org\springframework\spring-core\6.1.19\spring-core-6.1.19.jar;C:\Users\DELL\.m2\repository\org\springframework\spring-jcl\6.1.19\spring-jcl-6.1.19.jar;C:\Users\DELL\.m2\repository\org\yaml\snakeyaml\2.2\snakeyaml-2.2.jar;C:\Users\DELL\.m2\repository\io\jsonwebtoken\jjwt-api\0.11.5\jjwt-api-0.11.5.jar;C:\Users\DELL\.m2\repository\io\jsonwebtoken\jjwt-impl\0.11.5\jjwt-impl-0.11.5.jar;C:\Users\DELL\.m2\repository\io\jsonwebtoken\jjwt-jackson\0.11.5\jjwt-jackson-0.11.5.jar;C:\Users\DELL\.m2\repository\com\fasterxml\jackson\core\jackson-databind\2.17.3\jackson-databind-2.17.3.jar;C:\Users\DELL\.m2\repository\com\fasterxml\jackson\core\jackson-annotations\2.17.3\jackson-annotations-2.17.3.jar;C:\Users\DELL\.m2\repository\com\fasterxml\jackson\core\jackson-core\2.17.3\jackson-core-2.17.3.jar;C:\Users\DELL\.m2\repository\org\postgresql\postgresql\42.7.5\postgresql-42.7.5.jar;C:\Users\DELL\.m2\repository\org\checkerframework\checker-qual\3.48.3\checker-qual-3.48.3.jar;C:\Users\DELL\.m2\repository\org\projectlombok\lombok\1.18.38\lombok-1.18.38.jar;C:\Users\DELL\.m2\repository\jakarta\xml\bind\jakarta.xml.bind-api\4.0.2\jakarta.xml.bind-api-4.0.2.jar;C:\Users\DELL\.m2\repository\jakarta\activation\jakarta.activation-api\2.1.3\jakarta.activation-api-2.1.3.jar;C:\Users\DELL\.m2\repository\org\springframework\security\spring-security-core\6.3.9\spring-security-core-6.3.9.jar;C:\Users\DELL\.m2\repository\org\springframework\security\spring-security-crypto\6.3.9\spring-security-crypto-6.3.9.jar;C:\Users\DELL\Desktop\Projects\Spring Boot\firstSpringProject\target\classes;C:\Users\DELL\.m2\repository\org\springdoc\springdoc-openapi-starter-webmvc-ui\2.6.0\springdoc-openapi-starter-webmvc-ui-2.6.0.jar;C:\Users\DELL\.m2\repository\org\springdoc\springdoc-openapi-starter-webmvc-api\2.6.0\springdoc-openapi-starter-webmvc-api-2.6.0.jar;C:\Users\DELL\.m2\repository\org\springdoc\springdoc-openapi-starter-common\2.6.0\springdoc-openapi-starter-common-2.6.0.jar;C:\Users\DELL\.m2\repository\io\swagger\core\v3\swagger-core-jakarta\2.2.22\swagger-core-jakarta-2.2.22.jar;C:\Users\DELL\.m2\repository\org\apache\commons\commons-lang3\3.14.0\commons-lang3-3.14.0.jar;C:\Users\DELL\.m2\repository\io\swagger\core\v3\swagger-annotations-jakarta\2.2.22\swagger-annotations-jakarta-2.2.22.jar;C:\Users\DELL\.m2\repository\io\swagger\core\v3\swagger-models-jakarta\2.2.22\swagger-models-jakarta-2.2.22.jar;C:\Users\DELL\.m2\repository\com\fasterxml\jackson\dataformat\jackson-dataformat-yaml\2.17.3\jackson-dataformat-yaml-2.17.3.jar;C:\Users\DELL\.m2\repository\org\webjars\swagger-ui\5.17.14\swagger-ui-5.17.14.jar
Launcher Type: SUN_STANDARD

[Global flags]
     intx CICompilerCount                          = 4                                         {product} {ergonomic}
     uint ConcGCThreads                            = 2                                         {product} {ergonomic}
     uint G1ConcRefinementThreads                  = 8                                         {product} {ergonomic}
   size_t G1HeapRegionSize                         = 2097152                                   {product} {ergonomic}
    uintx GCDrainStackTargetSize                   = 64                                        {product} {ergonomic}
   size_t InitialHeapSize                          = 264241152                                 {product} {ergonomic}
     bool ManagementServer                         = true                                      {product} {command line}
   size_t MarkStackSize                            = 4194304                                   {product} {ergonomic}
   size_t MaxHeapSize                              = 4213178368                                {product} {ergonomic}
   size_t MaxNewSize                               = 2527068160                                {product} {ergonomic}
   size_t MinHeapDeltaBytes                        = 2097152                                   {product} {ergonomic}
   size_t MinHeapSize                              = 8388608                                   {product} {ergonomic}
    uintx NonNMethodCodeHeapSize                   = 4096                                   {pd product} {ergonomic}
    uintx NonProfiledCodeHeapSize                  = 0                                      {pd product} {ergonomic}
     bool ProfileInterpreter                       = false                                  {pd product} {command line}
    uintx ProfiledCodeHeapSize                     = 0                                      {pd product} {ergonomic}
     bool ShowCodeDetailsInExceptionMessages       = true                                   {manageable} {command line}
   size_t SoftMaxHeapSize                          = 4213178368                             {manageable} {ergonomic}
     intx TieredStopAtLevel                        = 1                                         {product} {command line}
     bool UseCompressedOops                        = true                           {product lp64_product} {ergonomic}
     bool UseG1GC                                  = true                                      {product} {ergonomic}
     bool UseLargePagesIndividualAllocation        = false                                  {pd product} {ergonomic}

Logging:
Log output configuration:
 #0: stdout all=warning uptime,level,tags foldmultilines=false
 #1: stderr all=off uptime,level,tags foldmultilines=false

Environment Variables:
JAVA_HOME=C:\Users\Saima\App\Java\jdk-21.0.2
PATH=C:/Apps/sts-4.28.1.RELEASE//plugins/org.eclipse.justj.openjdk.hotspot.jre.full.win32.x86_64_21.0.6.v20250130-0529/jre/bin/server;C:/Apps/sts-4.28.1.RELEASE//plugins/org.eclipse.justj.openjdk.hotspot.jre.full.win32.x86_64_21.0.6.v20250130-0529/jre/bin;C:\Windows\system32;C:\Windows;C:\Windows\System32\Wbem;C:\Windows\System32\WindowsPowerShell\v1.0\;C:\Windows\System32\OpenSSH\;C:\Users\Saima\App\Java\jdk-21.0.2\bin;C:\Program Files\Git\cmd;C:\Program Files\nodejs\;C:\Users\DELL\AppData\Local\Microsoft\WindowsApps;C:\Users\DELL\AppData\Local\Programs\Microsoft VS Code\bin;C:\Users\DELL\AppData\Local\JetBrains\Toolbox\scripts;C:\Users\DELL\AppData\Roaming\npm;C:\Program Files\JetBrains\IntelliJ IDEA Community Edition 2024.3.4.1\bin;;C:\Apps\sts-4.28.1.RELEASE;
USERNAME=DELL
OS=Windows_NT
PROCESSOR_IDENTIFIER=Intel64 Family 6 Model 142 Stepping 12, GenuineIntel
TMP=C:\Users\DELL\AppData\Local\Temp
TEMP=C:\Users\DELL\AppData\Local\Temp




Periodic native trim disabled

---------------  S Y S T E M  ---------------

OS:
 Windows 10 , 64 bit Build 19041 (10.0.19041.5678)
OS uptime: 0 days 7:54 hours

CPU: total 8 (initial active 8) (4 cores per cpu, 2 threads per core) family 6 model 142 stepping 12 microcode 0xf4, cx8, cmov, fxsr, ht, mmx, 3dnowpref, sse, sse2, sse3, ssse3, sse4.1, sse4.2, popcnt, lzcnt, tsc, tscinvbit, avx, avx2, aes, erms, clmul, bmi1, bmi2, adx, fma, vzeroupper, clflush, clflushopt, rdtscp, f16c
Processor Information for processor 0
  Max Mhz: 2208, Current Mhz: 1706, Mhz Limit: 1700
Processor Information for processor 1
  Max Mhz: 2208, Current Mhz: 1405, Mhz Limit: 1700
Processor Information for processor 2
  Max Mhz: 2208, Current Mhz: 1405, Mhz Limit: 1700
Processor Information for processor 3
  Max Mhz: 2208, Current Mhz: 1706, Mhz Limit: 1700
Processor Information for processor 4
  Max Mhz: 2208, Current Mhz: 1405, Mhz Limit: 1700
Processor Information for processor 5
  Max Mhz: 2208, Current Mhz: 1405, Mhz Limit: 1700
Processor Information for processor 6
  Max Mhz: 2208, Current Mhz: 1405, Mhz Limit: 1700
Processor Information for processor 7
  Max Mhz: 2208, Current Mhz: 1405, Mhz Limit: 1700

Memory: 4k page, system-wide physical 16067M (7784M free)
TotalPageFile size 18499M (AvailPageFile size 8110M)
current process WorkingSet (physical memory assigned to process): 284M, peak: 284M
current process commit charge ("private bytes"): 323M, peak: 375M

vm_info: OpenJDK 64-Bit Server VM (21.0.2+13-58) for windows-amd64 JRE (21.0.2+13-58), built on 2024-01-05T18:32:24Z by "mach5one" with MS VC++ 17.1 (VS2022)

END.
